<?xml version="1.0" encoding="UTF-8"?>
<testng-results skipped="0" failed="0" total="1" passed="1">
  <reporter-output>
  </reporter-output>
  <suite name="Default suite" duration-ms="13464" started-at="2017-10-30T00:18:21Z" finished-at="2017-10-30T00:18:35Z">
    <groups>
    </groups>
    <test name="Default test" duration-ms="13464" started-at="2017-10-30T00:18:21Z" finished-at="2017-10-30T00:18:35Z">
      <class name="Academy.HomePage">
        <test-method status="PASS" signature="basePageNavigation(java.lang.String, java.lang.String)[pri:0, instance:Academy.HomePage@6d00a15d]" name="basePageNavigation" duration-ms="13433" started-at="2017-10-29T19:18:21Z" data-provider="getData" finished-at="2017-10-29T19:18:35Z">
          <params>
            <param index="0">
              <value>
                <![CDATA[nonrestrictedusers@test.com]]>
              </value>
            </param>
            <param index="1">
              <value>
                <![CDATA[123456789]]>
              </value>
            </param>
          </params>
          <reporter-output>
          </reporter-output>
        </test-method> <!-- basePageNavigation -->
      </class> <!-- Academy.HomePage -->
    </test> <!-- Default test -->
  </suite> <!-- Default suite -->
</testng-results>
